<?xml version="1.0" encoding="UTF-8"?>
<beans xmlns="http://www.springframework.org/schema/beans"
       xmlns:tx="http://www.springframework.org/schema/tx"
       xmlns:xsi="http://www.w3.org/2001/XMLSchema-instance"
       xsi:schemaLocation="http://www.springframework.org/schema/beans http://www.springframework.org/schema/beans/spring-beans.xsd
       					   http://www.springframework.org/schema/tx http://www.springframework.org/schema/tx/spring-tx.xsd">

    <import resource="classpath:eu/europa/ec/leos/test-repositoriesContext.xml"/>


    <bean id="dataSource" class="org.springframework.jdbc.datasource.DriverManagerDataSource">
        <property name="driverClassName" value="${jdbc.driverClassName}"/>
        <property name="url" value="${jdbc.url}"/>
        <property name="username" value="${jdbc.username}"/>
        <property name="password" value="${jdbc.password}"/>
    </bean>

    <bean id="propertyConfigurer"
          class="org.springframework.beans.factory.config.PropertyPlaceholderConfigurer">
        <property name="locations">
            <list>
                <value>classpath:eu/europa/ec/leos/test-jdbc.properties</value>
            </list>
        </property>
    </bean>

    <bean id="jpaVendorAdapter" class="org.springframework.orm.jpa.vendor.HibernateJpaVendorAdapter">
        <property name="database" value="HSQL"/>
        <property name="databasePlatform" value="org.hibernate.dialect.HSQLDialect"/>
        <property name="generateDdl" value="true"/>
        <property name="showSql" value="true"/>
    </bean>

    <bean id="entityManagerFactory" class="org.springframework.orm.jpa.LocalContainerEntityManagerFactoryBean">
        <property name="persistenceXmlLocation" value="classpath:META-INF/persistence-leos.xml"/>
        <property name="dataSource" ref="dataSource"/>
        <property name="jpaVendorAdapter" ref="jpaVendorAdapter"/>
        <property name="jpaPropertyMap">
            <map>
                <entry key="hibernate.hbm2ddl.auto" value="create"/>
                <entry key="use_sql_comments" value="true"/>
                <entry key="hibernate.jdbc.batch_size" value="30"/>
                <entry key="hibernate.archive.autodetection" value="class"/>
            </map>
        </property>
        <property name="packagesToScan">
            <list>
                <value>eu.europa.ec.leos.model</value>
            </list>
        </property>
    </bean>

    <bean id="transactionManager" class="org.springframework.orm.jpa.JpaTransactionManager">
        <property name="entityManagerFactory" ref="entityManagerFactory"/>
        <property name="defaultTimeout" value="30"/>
    </bean>

    <tx:annotation-driven transaction-manager="transactionManager"/>

</beans>